Determining if the pthread_create exist failed with the following output:
Change Dir: /home/eos-n1/eos/build/CMakeFiles/CMakeTmp

Run Build Command:"/usr/bin/make" "cmTC_c6de9/fast"
/usr/bin/make -f CMakeFiles/cmTC_c6de9.dir/build.make CMakeFiles/cmTC_c6de9.dir/build
make[1]: Entering directory '/home/eos-n1/eos/build/CMakeFiles/CMakeTmp'
Building C object CMakeFiles/cmTC_c6de9.dir/CheckSymbolExists.c.o
/usr/bin/clang-4.0     -o CMakeFiles/cmTC_c6de9.dir/CheckSymbolExists.c.o   -c /home/eos-n1/eos/build/CMakeFiles/CMakeTmp/CheckSymbolExists.c
Linking C executable cmTC_c6de9
/usr/bin/cmake -E cmake_link_script CMakeFiles/cmTC_c6de9.dir/link.txt --verbose=1
/usr/bin/clang-4.0       CMakeFiles/cmTC_c6de9.dir/CheckSymbolExists.c.o  -o cmTC_c6de9 -rdynamic 
CMakeFiles/cmTC_c6de9.dir/CheckSymbolExists.c.o: In function `main':
/home/eos-n1/eos/build/CMakeFiles/CMakeTmp/CheckSymbolExists.c:(.text+0x19): undefined reference to `pthread_create'
clang: error: linker command failed with exit code 1 (use -v to see invocation)
CMakeFiles/cmTC_c6de9.dir/build.make:97: recipe for target 'cmTC_c6de9' failed
make[1]: *** [cmTC_c6de9] Error 1
make[1]: Leaving directory '/home/eos-n1/eos/build/CMakeFiles/CMakeTmp'
Makefile:126: recipe for target 'cmTC_c6de9/fast' failed
make: *** [cmTC_c6de9/fast] Error 2

File /home/eos-n1/eos/build/CMakeFiles/CMakeTmp/CheckSymbolExists.c:
/* */
#include <pthread.h>

int main(int argc, char** argv)
{
  (void)argv;
#ifndef pthread_create
  return ((int*)(&pthread_create))[argc];
#else
  (void)argc;
  return 0;
#endif
}

